<?xml version="1.0" encoding="UTF-8"?>
<testng-results skipped="0" failed="0" ignored="0" total="1" passed="1">
  <reporter-output>
  </reporter-output>
  <suite name="Default suite" duration-ms="11500" started-at="2020-02-21T11:39:30 IST" finished-at="2020-02-21T11:39:42 IST">
    <groups>
    </groups>
    <test name="Default test" duration-ms="11500" started-at="2020-02-21T11:39:30 IST" finished-at="2020-02-21T11:39:42 IST">
      <class name="myntra_rosmariya_testcases.add_product_cart">
        <test-method status="PASS" signature="setup()[pri:0, instance:myntra_rosmariya_testcases.add_product_cart@5d76b067]" name="setup" is-config="true" duration-ms="2157" started-at="2020-02-21T11:39:30 IST" finished-at="2020-02-21T11:39:32 IST">
          <reporter-output>
          </reporter-output>
        </test-method> <!-- setup -->
        <test-method status="PASS" signature="addtocart()[pri:0, instance:myntra_rosmariya_testcases.add_product_cart@5d76b067]" name="addtocart" duration-ms="9083" started-at="2020-02-21T11:39:32 IST" finished-at="2020-02-21T11:39:41 IST">
          <reporter-output>
          </reporter-output>
        </test-method> <!-- addtocart -->
        <test-method status="PASS" signature="tearDown()[pri:0, instance:myntra_rosmariya_testcases.add_product_cart@5d76b067]" name="tearDown" is-config="true" duration-ms="205" started-at="2020-02-21T11:39:41 IST" finished-at="2020-02-21T11:39:42 IST">
          <reporter-output>
          </reporter-output>
        </test-method> <!-- tearDown -->
      </class> <!-- myntra_rosmariya_testcases.add_product_cart -->
    </test> <!-- Default test -->
  </suite> <!-- Default suite -->
</testng-results>
